[0819/100719.595:ERROR:process_reader_win.cc(123)] NtOpenThread: {Access Denied} A process has requested access to an object, but has not been granted those access rights. (0xc0000022)
[0819/100719.597:ERROR:exception_snapshot_win.cc(98)] thread ID 1192 not found in process
[0819/100719.618:ERROR:process_info.cc(329)] VirtualQueryEx: Access is denied. (0x5)
[0819/100719.618:ERROR:process_info.cc(556)] ReadMemoryInfo failed
[0819/100719.618:ERROR:process_memory_win.cc(39)] Failed to initialize ProcessInfo.
[0819/100719.618:ERROR:scoped_process_suspend.cc(40)] NtResumeProcess: An attempt was made to access an exiting process. (0xc000010a)
[0819/113550.942:ERROR:process_reader_win.cc(123)] NtOpenThread: {Access Denied} A process has requested access to an object, but has not been granted those access rights. (0xc0000022)
[0819/113550.944:ERROR:exception_snapshot_win.cc(98)] thread ID 19236 not found in process
[0819/113550.984:ERROR:process_reader_win.cc(123)] NtOpenThread: {Access Denied} A process has requested access to an object, but has not been granted those access rights. (0xc0000022)
[0819/113550.984:ERROR:exception_snapshot_win.cc(98)] thread ID 18756 not found in process
[0820/104540.099:ERROR:process_reader_win.cc(123)] NtOpenThread: {Access Denied} A process has requested access to an object, but has not been granted those access rights. (0xc0000022)
[0820/104540.103:ERROR:exception_snapshot_win.cc(98)] thread ID 17672 not found in process
[0820/104540.144:ERROR:process_reader_win.cc(123)] NtOpenThread: {Access Denied} A process has requested access to an object, but has not been granted those access rights. (0xc0000022)
[0820/104540.144:ERROR:exception_snapshot_win.cc(98)] thread ID 9132 not found in process
[0821/100454.989:ERROR:process_reader_win.cc(123)] NtOpenThread: {Access Denied} A process has requested access to an object, but has not been granted those access rights. (0xc0000022)
[0821/100454.994:ERROR:exception_snapshot_win.cc(98)] thread ID 4044 not found in process
[0821/100455.002:ERROR:process_reader_win.cc(123)] NtOpenThread: {Access Denied} A process has requested access to an object, but has not been granted those access rights. (0xc0000022)
[0821/100455.002:ERROR:exception_snapshot_win.cc(98)] thread ID 4652 not found in process
[0826/152917.911:ERROR:process_reader_win.cc(123)] NtOpenThread: {Access Denied} A process has requested access to an object, but has not been granted those access rights. (0xc0000022)
[0826/152917.922:ERROR:process_reader_win.cc(123)] NtOpenThread: {Access Denied} A process has requested access to an object, but has not been granted those access rights. (0xc0000022)
[0826/152917.935:ERROR:exception_snapshot_win.cc(98)] thread ID 12828 not found in process
[0826/152917.935:ERROR:exception_snapshot_win.cc(98)] thread ID 13480 not found in process
[0908/105113.860:ERROR:process_reader_win.cc(123)] NtOpenThread: {Access Denied} A process has requested access to an object, but has not been granted those access rights. (0xc0000022)
[0908/105113.863:ERROR:process_reader_win.cc(123)] NtOpenThread: {Access Denied} A process has requested access to an object, but has not been granted those access rights. (0xc0000022)
[0908/105113.864:ERROR:exception_snapshot_win.cc(99)] thread ID 14320 not found in process
[0908/105113.864:ERROR:exception_snapshot_win.cc(99)] thread ID 15772 not found in process
[0908/105113.877:ERROR:process_reader_win.cc(123)] NtOpenThread: {Access Denied} A process has requested access to an object, but has not been granted those access rights. (0xc0000022)
[0908/105113.877:ERROR:exception_snapshot_win.cc(99)] thread ID 14180 not found in process
[0908/105633.293:ERROR:process_reader_win.cc(123)] NtOpenThread: {Access Denied} A process has requested access to an object, but has not been granted those access rights. (0xc0000022)
[0908/105633.295:ERROR:exception_snapshot_win.cc(99)] thread ID 9400 not found in process
[0908/105633.320:ERROR:process_reader_win.cc(123)] NtOpenThread: {Access Denied} A process has requested access to an object, but has not been granted those access rights. (0xc0000022)
[0908/105633.320:ERROR:exception_snapshot_win.cc(99)] thread ID 15244 not found in process
[0915/104950.657:ERROR:process_reader_win.cc(123)] NtOpenThread: {Access Denied} A process has requested access to an object, but has not been granted those access rights. (0xc0000022)
[0915/104950.660:ERROR:exception_snapshot_win.cc(99)] thread ID 13172 not found in process
[0915/104950.678:ERROR:process_reader_win.cc(123)] NtOpenThread: {Access Denied} A process has requested access to an object, but has not been granted those access rights. (0xc0000022)
[0915/104950.678:ERROR:exception_snapshot_win.cc(99)] thread ID 15832 not found in process
[0915/104950.736:ERROR:process_reader_win.cc(123)] NtOpenThread: {Access Denied} A process has requested access to an object, but has not been granted those access rights. (0xc0000022)
[0915/104950.736:ERROR:exception_snapshot_win.cc(99)] thread ID 14860 not found in process
[0924/164204.268:ERROR:process_reader_win.cc(123)] NtOpenThread: {Access Denied} A process has requested access to an object, but has not been granted those access rights. (0xc0000022)
[0924/164204.273:ERROR:exception_snapshot_win.cc(99)] thread ID 16004 not found in process
[0924/164204.283:ERROR:process_reader_win.cc(123)] NtOpenThread: {Access Denied} A process has requested access to an object, but has not been granted those access rights. (0xc0000022)
[0924/164204.283:ERROR:exception_snapshot_win.cc(99)] thread ID 11552 not found in process
[0924/164414.353:ERROR:process_reader_win.cc(123)] NtOpenThread: {Access Denied} A process has requested access to an object, but has not been granted those access rights. (0xc0000022)
[0924/164414.354:ERROR:exception_snapshot_win.cc(99)] thread ID 17792 not found in process
[0924/164416.025:ERROR:process_reader_win.cc(123)] NtOpenThread: {Access Denied} A process has requested access to an object, but has not been granted those access rights. (0xc0000022)
[0924/164416.025:ERROR:exception_snapshot_win.cc(99)] thread ID 14172 not found in process
[0924/170250.595:ERROR:process_reader_win.cc(123)] NtOpenThread: {Access Denied} A process has requested access to an object, but has not been granted those access rights. (0xc0000022)
[0924/170250.598:ERROR:exception_snapshot_win.cc(99)] thread ID 7064 not found in process
[0924/170250.618:ERROR:process_reader_win.cc(123)] NtOpenThread: {Access Denied} A process has requested access to an object, but has not been granted those access rights. (0xc0000022)
[0924/170250.618:ERROR:exception_snapshot_win.cc(99)] thread ID 17892 not found in process
[0924/171655.860:ERROR:process_reader_win.cc(123)] NtOpenThread: {Access Denied} A process has requested access to an object, but has not been granted those access rights. (0xc0000022)
[0924/171655.861:ERROR:exception_snapshot_win.cc(99)] thread ID 18400 not found in process
[0927/130243.757:ERROR:process_reader_win.cc(123)] NtOpenThread: {Access Denied} A process has requested access to an object, but has not been granted those access rights. (0xc0000022)
[0927/130243.762:ERROR:exception_snapshot_win.cc(99)] thread ID 1676 not found in process
[0927/130243.770:ERROR:process_reader_win.cc(123)] NtOpenThread: {Access Denied} A process has requested access to an object, but has not been granted those access rights. (0xc0000022)
[0927/130243.770:ERROR:exception_snapshot_win.cc(99)] thread ID 2912 not found in process
[1001/110710.614:ERROR:process_reader_win.cc(123)] NtOpenThread: {Access Denied} A process has requested access to an object, but has not been granted those access rights. (0xc0000022)
[1001/110710.617:ERROR:exception_snapshot_win.cc(99)] thread ID 6392 not found in process
